[OK] [1] Services activated success.
[OK] [1] Kernel's viewport created success.
[OK] [1] Abstract window packing was success.
[OK] [1] Compositor class was created success.
[OK] [1] Viewport rendering almost finished.
[OK] [1] Viewport buffer was patched from rubbish.
[OK] [1] Rendering viewport.
[OK] [1] Buffer was cleaned.
[OK] [1] Window name '@Kernel@Console@' was rendered.
[OK] [1] Input was received.
[OK] [1] Render was success.
[OK] [1] Tick.
[OK] [1] Viewport rendering almost finished.
[OK] [1] Viewport buffer was patched from rubbish.
[OK] [1] Rendering viewport.
[OK] [1] Buffer was cleaned.
[OK] [1] Window name '@Kernel@Console@' was rendered.
[OK] [1] Input was received.
[OK] [1] Render was success.
[OK] [1] Tick.
[OK] [1] Viewport rendering almost finished.
[OK] [1] Viewport buffer was patched from rubbish.
[OK] [1] Rendering viewport.
[OK] [1] Buffer was cleaned.
[OK] [1] Window name '@Kernel@Console@' was rendered.
[OK] [1] Input was received.
[OK] [1] Render was success.
[OK] [1] Tick.
[OK] [1] Viewport rendering almost finished.
[OK] [1] Viewport buffer was patched from rubbish.
[OK] [1] Rendering viewport.
[OK] [1] Buffer was cleaned.
[OK] [1] Window name '@Kernel@Console@' was rendered.
[OK] [1] Input was received.
[OK] [1] Render was success.
[OK] [1] Tick.
[OK] [1] Viewport rendering almost finished.
[OK] [1] Viewport buffer was patched from rubbish.
[OK] [1] Rendering viewport.
[OK] [1] Buffer was cleaned.
[OK] [1] Window name '@Kernel@Console@' was rendered.
[OK] [1] Input was received.
[OK] [1] Render was success.
[OK] [1] Tick.
[OK] [1] Viewport rendering almost finished.
[OK] [1] Viewport buffer was patched from rubbish.
[OK] [1] Rendering viewport.
[OK] [1] Buffer was cleaned.
[OK] [1] Window name '@Kernel@Console@' was rendered.
[OK] [1] Input was received.
[OK] [1] Render was success.
[OK] [1] Tick.
[OK] [1] Viewport rendering almost finished.
[OK] [1] Viewport buffer was patched from rubbish.
[OK] [1] Rendering viewport.
[OK] [1] Buffer was cleaned.
[OK] [1] Window name '@Kernel@Console@' was rendered.
[OK] [1] Input was received.
[OK] [1] Render was success.
[OK] [1] Tick.
[OK] [1] Viewport rendering almost finished.
[OK] [1] Viewport buffer was patched from rubbish.
[OK] [1] Rendering viewport.
[OK] [1] Buffer was cleaned.
[OK] [1] Window name '@Kernel@Console@' was rendered.
[OK] [1] Input was received.
[OK] [1] Render was success.
[OK] [1] Tick.
[OK] [1] Viewport rendering almost finished.
[OK] [1] Viewport buffer was patched from rubbish.
[OK] [1] Rendering viewport.
[OK] [1] Buffer was cleaned.
[OK] [1] Window name '@Kernel@Console@' was rendered.
[OK] [1] Input was received.
[OK] [1] Render was success.
[OK] [1] Tick.
[OK] [1] Viewport rendering almost finished.
[OK] [1] Viewport buffer was patched from rubbish.
[OK] [1] Rendering viewport.
[OK] [1] Buffer was cleaned.
[OK] [1] Window name '@Kernel@Console@' was rendered.
[OK] [1] Input was received.
[OK] [1] Render was success.
[OK] [1] Tick.
[OK] [1] Viewport rendering almost finished.
[OK] [1] Viewport buffer was patched from rubbish.
[OK] [1] Rendering viewport.
[OK] [1] Buffer was cleaned.
[OK] [1] Window name '@Kernel@Console@' was rendered.
[OK] [1] Input was received.
[OK] [1] Render was success.
[OK] [1] Tick.
[OK] [1] Viewport rendering almost finished.
[OK] [1] Viewport buffer was patched from rubbish.
[OK] [1] Rendering viewport.
[OK] [1] Buffer was cleaned.
[OK] [1] Window name '@Kernel@Console@' was rendered.
[OK] [1] Input was received.
[OK] [1] Render was success.
[OK] [1] Tick.
[OK] [1] Viewport rendering almost finished.
[OK] [1] Viewport buffer was patched from rubbish.
[OK] [1] Rendering viewport.
[OK] [1] Buffer was cleaned.
[OK] [1] Window name '@Kernel@Console@' was rendered.
[OK] [1] Input was received.
[OK] [1] Render was success.
[OK] [1] Tick.
[OK] [1] Viewport rendering almost finished.
[OK] [1] Viewport buffer was patched from rubbish.
[OK] [1] Rendering viewport.
[OK] [1] Buffer was cleaned.
[OK] [1] Window name '@Kernel@Console@' was rendered.
[OK] [1] Input was received.
[OK] [1] Render was success.
[OK] [1] Tick.
[OK] [1] Viewport rendering almost finished.
[OK] [1] Viewport buffer was patched from rubbish.
[OK] [1] Rendering viewport.
[OK] [1] Buffer was cleaned.
[OK] [1] Window name '@Kernel@Console@' was rendered.
[OK] [1] Input was received.
[OK] [1] Render was success.
[OK] [1] Tick.
[OK] [1] Viewport rendering almost finished.
[OK] [1] Viewport buffer was patched from rubbish.
[OK] [1] Rendering viewport.
[OK] [1] Buffer was cleaned.
[OK] [1] Window name '@Kernel@Console@' was rendered.
[OK] [1] Input was received.
[OK] [1] Render was success.
[OK] [1] Tick.
[OK] [1] Viewport rendering almost finished.
[OK] [1] Viewport buffer was patched from rubbish.
[OK] [1] Rendering viewport.
[OK] [1] Buffer was cleaned.
[OK] [1] Window name '@Kernel@Console@' was rendered.
[OK] [1] Input was received.
[OK] [1] Render was success.
[OK] [1] Tick.
[OK] [1] Viewport rendering almost finished.
[OK] [1] Viewport buffer was patched from rubbish.
[OK] [1] Rendering viewport.
[OK] [1] Buffer was cleaned.
[OK] [1] Window name '@Kernel@Console@' was rendered.
[OK] [1] Input was received.
[OK] [1] Render was success.
[OK] [1] Tick.
[OK] [1] Viewport rendering almost finished.
[OK] [1] Viewport buffer was patched from rubbish.
[OK] [1] Rendering viewport.
[OK] [1] Buffer was cleaned.
[OK] [1] Window name '@Kernel@Console@' was rendered.
[OK] [1] Input was received.
[OK] [1] Render was success.
[OK] [1] Tick.
[OK] [1] Viewport rendering almost finished.
[OK] [1] Viewport buffer was patched from rubbish.
[OK] [1] Rendering viewport.
[OK] [1] Buffer was cleaned.
[OK] [1] Window name '@Kernel@Console@' was rendered.
[OK] [1] Input was received.
[OK] [1] Render was success.
[OK] [1] Tick.
[OK] [1] Viewport rendering almost finished.
[OK] [1] Viewport buffer was patched from rubbish.
[OK] [1] Rendering viewport.
[OK] [1] Buffer was cleaned.
[OK] [1] Window name '@Kernel@Console@' was rendered.
[OK] [1] Input was received.
[OK] [1] Render was success.
[OK] [1] Tick.
[OK] [1] Viewport rendering almost finished.
[OK] [1] Viewport buffer was patched from rubbish.
[OK] [1] Rendering viewport.
[OK] [1] Buffer was cleaned.
[OK] [1] Window name '@Kernel@Console@' was rendered.
[OK] [1] Input was received.
[OK] [1] Render was success.
[OK] [1] Tick.
[OK] [1] Viewport rendering almost finished.
[OK] [1] Viewport buffer was patched from rubbish.
[OK] [1] Rendering viewport.
[OK] [1] Buffer was cleaned.
[OK] [1] Window name '@Kernel@Console@' was rendered.
[OK] [1] Input was received.
[OK] [1] Render was success.
[OK] [1] Tick.
[OK] [1] Viewport rendering almost finished.
[OK] [1] Viewport buffer was patched from rubbish.
[OK] [1] Rendering viewport.
[OK] [1] Buffer was cleaned.
[OK] [1] Window name '@Kernel@Console@' was rendered.
[OK] [1] Input was received.
[OK] [1] Render was success.
[OK] [1] Tick.
[OK] [1] Viewport rendering almost finished.
[OK] [1] Viewport buffer was patched from rubbish.
[OK] [1] Rendering viewport.
[OK] [1] Buffer was cleaned.
[OK] [1] Window name '@Kernel@Console@' was rendered.
[OK] [1] Input was received.
[OK] [1] Render was success.
[OK] [1] Tick.
[OK] [1] Viewport rendering almost finished.
[OK] [1] Viewport buffer was patched from rubbish.
[OK] [1] Rendering viewport.
[OK] [1] Buffer was cleaned.
[OK] [1] Window name '@Kernel@Console@' was rendered.
[OK] [1] Input was received.
[OK] [1] Render was success.
[OK] [1] Tick.
[OK] [1] Viewport rendering almost finished.
[OK] [1] Viewport buffer was patched from rubbish.
[OK] [1] Rendering viewport.
[OK] [1] Buffer was cleaned.
[OK] [1] Window name '@Kernel@Console@' was rendered.
[OK] [1] Input was received.
[OK] [1] Render was success.
[OK] [1] Tick.
[OK] [1] Viewport rendering almost finished.
[OK] [1] Viewport buffer was patched from rubbish.
[OK] [1] Rendering viewport.
[OK] [1] Buffer was cleaned.
[OK] [1] Window name '@Kernel@Console@' was rendered.
[OK] [1] Input was received.
[OK] [1] Render was success.
[OK] [1] Tick.
[OK] [1] Viewport rendering almost finished.
[OK] [1] Viewport buffer was patched from rubbish.
[OK] [1] Rendering viewport.
[OK] [1] Buffer was cleaned.
[OK] [1] Window name '@Kernel@Console@' was rendered.
[OK] [1] Input was received.
[OK] [1] Render was success.
[OK] [1] Tick.
[OK] [1] Viewport rendering almost finished.
[OK] [1] Viewport buffer was patched from rubbish.
[OK] [1] Rendering viewport.
[OK] [1] Buffer was cleaned.
[OK] [1] Window name '@Kernel@Console@' was rendered.
[OK] [1] Input was received.
[OK] [1] Render was success.
[OK] [1] Tick.
[OK] [1] Viewport rendering almost finished.
[OK] [1] Viewport buffer was patched from rubbish.
[OK] [1] Rendering viewport.
[OK] [1] Buffer was cleaned.
[OK] [1] Window name '@Kernel@Console@' was rendered.
[OK] [1] Input was received.
[OK] [1] Render was success.
[OK] [1] Tick.
[OK] [1] Viewport rendering almost finished.
[OK] [1] Viewport buffer was patched from rubbish.
[OK] [1] Rendering viewport.
[OK] [1] Buffer was cleaned.
[OK] [1] Window name '@Kernel@Console@' was rendered.
[OK] [1] Input was received.
[OK] [1] Render was success.
[OK] [1] Tick.
[OK] [1] Viewport rendering almost finished.
[OK] [1] Viewport buffer was patched from rubbish.
[OK] [1] Rendering viewport.
[OK] [1] Buffer was cleaned.
[OK] [1] Window name '@Kernel@Console@' was rendered.
[OK] [1] Input was received.
[OK] [1] Render was success.
[OK] [1] Tick.
[OK] [1] Viewport rendering almost finished.
[OK] [1] Viewport buffer was patched from rubbish.
[OK] [1] Rendering viewport.
[OK] [1] Buffer was cleaned.
[OK] [1] Window name '@Kernel@Console@' was rendered.
[OK] [1] Input was received.
[OK] [1] Render was success.
[OK] [1] Tick.
[OK] [1] Viewport rendering almost finished.
[OK] [1] Viewport buffer was patched from rubbish.
[OK] [1] Rendering viewport.
[OK] [1] Buffer was cleaned.
[OK] [1] Window name '@Kernel@Console@' was rendered.
[OK] [1] Input was received.
[OK] [1] Render was success.
[OK] [1] Tick.
[OK] [1] Viewport rendering almost finished.
[OK] [1] Viewport buffer was patched from rubbish.
[OK] [1] Rendering viewport.
[OK] [1] Buffer was cleaned.
[OK] [1] Window name '@Kernel@Console@' was rendered.
[OK] [1] Input was received.
[OK] [1] Render was success.
[OK] [1] Tick.
[OK] [1] Viewport rendering almost finished.
[OK] [1] Viewport buffer was patched from rubbish.
[OK] [1] Rendering viewport.
[OK] [1] Buffer was cleaned.
[OK] [1] Window name '@Kernel@Console@' was rendered.
[OK] [1] Input was received.
[OK] [1] Render was success.
[OK] [1] Tick.
[OK] [1] Viewport rendering almost finished.
[OK] [1] Viewport buffer was patched from rubbish.
[OK] [1] Rendering viewport.
[OK] [1] Buffer was cleaned.
[OK] [1] Window name '@Kernel@Console@' was rendered.
[OK] [1] Input was received.
[OK] [1] Render was success.
[OK] [1] Tick.
[OK] [1] Viewport rendering almost finished.
[OK] [1] Viewport buffer was patched from rubbish.
[OK] [1] Rendering viewport.
[OK] [1] Buffer was cleaned.
[OK] [1] Window name '@Kernel@Console@' was rendered.
[OK] [1] Input was received.
[OK] [1] Render was success.
[OK] [1] Tick.
[OK] [1] Viewport rendering almost finished.
[OK] [1] Viewport buffer was patched from rubbish.
[OK] [1] Rendering viewport.
[OK] [1] Buffer was cleaned.
[OK] [1] Window name '@Kernel@Console@' was rendered.
[OK] [1] Input was received.
[OK] [1] Render was success.
[OK] [1] Tick.
[OK] [1] Viewport rendering almost finished.
[OK] [1] Viewport buffer was patched from rubbish.
[OK] [1] Rendering viewport.
[OK] [1] Buffer was cleaned.
[OK] [1] Window name '@Kernel@Console@' was rendered.
[OK] [1] Input was received.
[OK] [1] Render was success.
[OK] [1] Tick.
[OK] [1] Viewport rendering almost finished.
[OK] [1] Viewport buffer was patched from rubbish.
[OK] [1] Rendering viewport.
[OK] [1] Buffer was cleaned.
[OK] [1] Window name '@Kernel@Console@' was rendered.
[OK] [1] Input was received.
[OK] [1] Render was success.
[OK] [1] Tick.
[OK] [1] Viewport rendering almost finished.
[OK] [1] Viewport buffer was patched from rubbish.
[OK] [1] Rendering viewport.
[OK] [1] Buffer was cleaned.
[OK] [1] Window name '@Kernel@Console@' was rendered.
[OK] [1] Input was received.
[OK] [1] Render was success.
[OK] [1] Tick.
[OK] [1] Viewport rendering almost finished.
[OK] [1] Viewport buffer was patched from rubbish.
[OK] [1] Rendering viewport.
[OK] [1] Buffer was cleaned.
[OK] [1] Window name '@Kernel@Console@' was rendered.
[OK] [1] Input was received.
[OK] [1] Render was success.
[OK] [1] Tick.
[OK] [1] Viewport rendering almost finished.
[OK] [1] Viewport buffer was patched from rubbish.
[OK] [1] Rendering viewport.
[OK] [1] Buffer was cleaned.
[OK] [1] Window name '@Kernel@Console@' was rendered.
[OK] [1] Input was received.
[OK] [1] Render was success.
[OK] [1] Tick.
[OK] [1] Viewport rendering almost finished.
[OK] [1] Viewport buffer was patched from rubbish.
[OK] [1] Rendering viewport.
[OK] [1] Buffer was cleaned.
[OK] [1] Window name '@Kernel@Console@' was rendered.
[OK] [1] Input was received.
[OK] [1] Render was success.
[OK] [1] Tick.
[OK] [1] Viewport rendering almost finished.
[OK] [1] Viewport buffer was patched from rubbish.
[OK] [1] Rendering viewport.
[OK] [1] Buffer was cleaned.
[OK] [1] Window name '@Kernel@Console@' was rendered.
[OK] [1] Input was received.
[OK] [1] Render was success.
[OK] [1] Tick.
[OK] [1] Viewport rendering almost finished.
[OK] [1] Viewport buffer was patched from rubbish.
[OK] [1] Rendering viewport.
[OK] [1] Buffer was cleaned.
[OK] [1] Window name '@Kernel@Console@' was rendered.
[OK] [1] Input was received.
[OK] [1] Render was success.
[OK] [1] Tick.
[OK] [1] Viewport rendering almost finished.
[OK] [1] Viewport buffer was patched from rubbish.
[OK] [1] Rendering viewport.
[OK] [1] Buffer was cleaned.
[OK] [1] Window name '@Kernel@Console@' was rendered.
[OK] [1] Input was received.
[OK] [1] Render was success.
[OK] [1] Tick.
[OK] [1] Viewport rendering almost finished.
[OK] [1] Viewport buffer was patched from rubbish.
[OK] [1] Rendering viewport.
[OK] [1] Buffer was cleaned.
[OK] [1] Window name '@Kernel@Console@' was rendered.
[OK] [1] Input was received.
[OK] [1] Render was success.
[OK] [1] Tick.
[OK] [1] Viewport rendering almost finished.
[OK] [1] Viewport buffer was patched from rubbish.
[OK] [1] Rendering viewport.
[OK] [1] Buffer was cleaned.
[OK] [1] Window name '@Kernel@Console@' was rendered.
[OK] [1] Input was received.
[OK] [1] Render was success.
[OK] [1] Tick.
[OK] [1] Viewport rendering almost finished.
[OK] [1] Viewport buffer was patched from rubbish.
[OK] [1] Rendering viewport.
[OK] [1] Buffer was cleaned.
[OK] [1] Window name '@Kernel@Console@' was rendered.
[OK] [1] Input was received.
[OK] [1] Render was success.
[OK] [1] Tick.
[OK] [1] Viewport rendering almost finished.
[OK] [1] Viewport buffer was patched from rubbish.
[OK] [1] Rendering viewport.
[OK] [1] Buffer was cleaned.
[OK] [1] Window name '@Kernel@Console@' was rendered.
[OK] [1] Input was received.
[OK] [1] Render was success.
[OK] [1] Tick.
[OK] [1] Viewport rendering almost finished.
[OK] [1] Viewport buffer was patched from rubbish.
[OK] [1] Rendering viewport.
[OK] [1] Buffer was cleaned.
[OK] [1] Window name '@Kernel@Console@' was rendered.
[OK] [1] Input was received.
[OK] [1] Render was success.
[OK] [1] Tick.
[OK] [1] Viewport rendering almost finished.
[OK] [1] Viewport buffer was patched from rubbish.
[OK] [1] Rendering viewport.
[OK] [1] Buffer was cleaned.
[OK] [1] Window name '@Kernel@Console@' was rendered.
[OK] [1] Input was received.
[OK] [1] Render was success.
[OK] [1] Tick.
[OK] [2] Viewport rendering almost finished.
[OK] [2] Viewport buffer was patched from rubbish.
[OK] [2] Rendering viewport.
[OK] [2] Buffer was cleaned.
[OK] [2] Window name '@Kernel@Console@' was rendered.
[OK] [2] Input was received.
[OK] [2] Render was success.
[OK] [2] Tick.
[OK] [2] Viewport rendering almost finished.
[OK] [2] Viewport buffer was patched from rubbish.
[OK] [2] Rendering viewport.
[OK] [2] Buffer was cleaned.
[OK] [2] Window name '@Kernel@Console@' was rendered.
[OK] [2] Input was received.
[OK] [2] Render was success.
[OK] [2] Tick.
[OK] [2] Viewport rendering almost finished.
[OK] [2] Viewport buffer was patched from rubbish.
[OK] [2] Rendering viewport.
[OK] [2] Buffer was cleaned.
[OK] [2] Window name '@Kernel@Console@' was rendered.
[OK] [2] Input was received.
[OK] [2] Render was success.
[OK] [2] Tick.
[OK] [2] Viewport rendering almost finished.
[OK] [2] Viewport buffer was patched from rubbish.
[OK] [2] Rendering viewport.
[OK] [2] Buffer was cleaned.
[OK] [2] Window name '@Kernel@Console@' was rendered.
[OK] [2] Input was received.
[OK] [2] Render was success.
[OK] [2] Tick.
[OK] [2] Viewport rendering almost finished.
[OK] [2] Viewport buffer was patched from rubbish.
[OK] [2] Rendering viewport.
[OK] [2] Buffer was cleaned.
[OK] [2] Window name '@Kernel@Console@' was rendered.
[OK] [2] Input was received.
[OK] [2] Render was success.
[OK] [2] Tick.
[OK] [2] Viewport rendering almost finished.
[OK] [2] Viewport buffer was patched from rubbish.
[OK] [2] Rendering viewport.
[OK] [2] Buffer was cleaned.
[OK] [2] Window name '@Kernel@Console@' was rendered.
[OK] [2] Input was received.
[OK] [2] Render was success.
[OK] [2] Tick.
[OK] [2] Viewport rendering almost finished.
[OK] [2] Viewport buffer was patched from rubbish.
[OK] [2] Rendering viewport.
[OK] [2] Buffer was cleaned.
[OK] [2] Window name '@Kernel@Console@' was rendered.
[OK] [2] Input was received.
[OK] [2] Render was success.
[OK] [2] Tick.
[OK] [2] Viewport rendering almost finished.
[OK] [2] Viewport buffer was patched from rubbish.
[OK] [2] Rendering viewport.
[OK] [2] Buffer was cleaned.
[OK] [2] Window name '@Kernel@Console@' was rendered.
[OK] [2] Input was received.
[OK] [2] Render was success.
[OK] [2] Tick.
[OK] [2] Viewport rendering almost finished.
[OK] [2] Viewport buffer was patched from rubbish.
[OK] [2] Rendering viewport.
[OK] [2] Buffer was cleaned.
[OK] [2] Window name '@Kernel@Console@' was rendered.
[OK] [2] Input was received.
[OK] [2] Render was success.
[OK] [2] Tick.
[OK] [2] Viewport rendering almost finished.
[OK] [2] Viewport buffer was patched from rubbish.
[OK] [2] Rendering viewport.
[OK] [2] Buffer was cleaned.
[OK] [2] Window name '@Kernel@Console@' was rendered.
[OK] [2] Input was received.
[OK] [2] Render was success.
[OK] [2] Tick.
[OK] [2] Viewport rendering almost finished.
[OK] [2] Viewport buffer was patched from rubbish.
[OK] [2] Rendering viewport.
[OK] [2] Buffer was cleaned.
[OK] [2] Window name '@Kernel@Console@' was rendered.
[OK] [2] Input was received.
[OK] [2] Render was success.
[OK] [2] Tick.
[OK] [2] Viewport rendering almost finished.
[OK] [2] Viewport buffer was patched from rubbish.
[OK] [2] Rendering viewport.
[OK] [2] Buffer was cleaned.
[OK] [2] Window name '@Kernel@Console@' was rendered.
[OK] [2] Input was received.
[OK] [2] Render was success.
[OK] [2] Tick.
[OK] [2] Viewport rendering almost finished.
[OK] [2] Viewport buffer was patched from rubbish.
[OK] [2] Rendering viewport.
[OK] [2] Buffer was cleaned.
[OK] [2] Window name '@Kernel@Console@' was rendered.
[OK] [2] Input was received.
[OK] [2] Render was success.
[OK] [2] Tick.
[OK] [2] Viewport rendering almost finished.
[OK] [2] Viewport buffer was patched from rubbish.
[OK] [2] Rendering viewport.
[OK] [2] Buffer was cleaned.
[OK] [2] Window name '@Kernel@Console@' was rendered.
[OK] [2] Input was received.
[OK] [2] Render was success.
[OK] [2] Tick.
[OK] [2] Viewport rendering almost finished.
[OK] [2] Viewport buffer was patched from rubbish.
[OK] [2] Rendering viewport.
[OK] [2] Buffer was cleaned.
[OK] [2] Window name '@Kernel@Console@' was rendered.
[OK] [2] Input was received.
[OK] [2] Render was success.
[OK] [2] Tick.
[OK] [2] Viewport rendering almost finished.
[OK] [2] Viewport buffer was patched from rubbish.
[OK] [2] Rendering viewport.
[OK] [2] Buffer was cleaned.
[OK] [2] Window name '@Kernel@Console@' was rendered.
[OK] [2] Input was received.
[OK] [2] Render was success.
[OK] [2] Tick.
